{"total": {"lines":{"total":2187,"covered":357,"skipped":0,"pct":16.32},"statements":{"total":2475,"covered":383,"skipped":0,"pct":15.47},"functions":{"total":547,"covered":74,"skipped":0,"pct":13.52},"branches":{"total":1566,"covered":185,"skipped":0,"pct":11.81},"branchesTrue":{"total":0,"covered":0,"skipped":0,"pct":100}}
,"C:\\Users\\Juanes\\Documents\\Code Projects\\Golden Beauty Studio\\Pages\\golden-beauty-studio-landing\\.claude\\worktrees\\agent-a9e1a661d36bd269c\\admin\\src\\db\\client.ts": {"lines":{"total":19,"covered":3,"skipped":0,"pct":15.78},"functions":{"total":6,"covered":0,"skipped":0,"pct":0},"statements":{"total":19,"covered":3,"skipped":0,"pct":15.78},"branches":{"total":9,"covered":0,"skipped":0,"pct":0}}
,"C:\\Users\\Juanes\\Documents\\Code Projects\\Golden Beauty Studio\\Pages\\golden-beauty-studio-landing\\.claude\\worktrees\\agent-a9e1a661d36bd269c\\admin\\src\\db\\errors.ts": {"lines":{"total":4,"covered":1,"skipped":0,"pct":25},"functions":{"total":1,"covered":0,"skipped":0,"pct":0},"statements":{"total":5,"covered":1,"skipped":0,"pct":20},"branches":{"total":6,"covered":0,"skipped":0,"pct":0}}
,"C:\\Users\\Juanes\\Documents\\Code Projects\\Golden Beauty Studio\\Pages\\golden-beauty-studio-landing\\.claude\\worktrees\\agent-a9e1a661d36bd269c\\admin\\src\\db\\index.ts": {"lines":{"total":0,"covered":0,"skipped":0,"pct":100},"functions":{"total":0,"covered":0,"skipped":0,"pct":100},"statements":{"total":0,"covered":0,"skipped":0,"pct":100},"branches":{"total":0,"covered":0,"skipped":0,"pct":100}}
,"C:\\Users\\Juanes\\Documents\\Code Projects\\Golden Beauty Studio\\Pages\\golden-beauty-studio-landing\\.claude\\worktrees\\agent-a9e1a661d36bd269c\\admin\\src\\db\\migrate-cli.ts": {"lines":{"total":21,"covered":0,"skipped":0,"pct":0},"functions":{"total":7,"covered":0,"skipped":0,"pct":0},"statements":{"total":26,"covered":0,"skipped":0,"pct":0},"branches":{"total":10,"covered":0,"skipped":0,"pct":0}}
,"C:\\Users\\Juanes\\Documents\\Code Projects\\Golden Beauty Studio\\Pages\\golden-beauty-studio-landing\\.claude\\worktrees\\agent-a9e1a661d36bd269c\\admin\\src\\db\\migrate.ts": {"lines":{"total":32,"covered":1,"skipped":0,"pct":3.12},"functions":{"total":9,"covered":0,"skipped":0,"pct":0},"statements":{"total":33,"covered":1,"skipped":0,"pct":3.03},"branches":{"total":7,"covered":0,"skipped":0,"pct":0}}
,"C:\\Users\\Juanes\\Documents\\Code Projects\\Golden Beauty Studio\\Pages\\golden-beauty-studio-landing\\.claude\\worktrees\\agent-a9e1a661d36bd269c\\admin\\src\\db\\types.ts": {"lines":{"total":0,"covered":0,"skipped":0,"pct":100},"functions":{"total":0,"covered":0,"skipped":0,"pct":100},"statements":{"total":0,"covered":0,"skipped":0,"pct":100},"branches":{"total":0,"covered":0,"skipped":0,"pct":100}}
,"C:\\Users\\Juanes\\Documents\\Code Projects\\Golden Beauty Studio\\Pages\\golden-beauty-studio-landing\\.claude\\worktrees\\agent-a9e1a661d36bd269c\\admin\\src\\db\\migrations\\001-better-auth.ts": {"lines":{"total":1,"covered":1,"skipped":0,"pct":100},"functions":{"total":0,"covered":0,"skipped":0,"pct":100},"statements":{"total":1,"covered":1,"skipped":0,"pct":100},"branches":{"total":0,"covered":0,"skipped":0,"pct":100}}
,"C:\\Users\\Juanes\\Documents\\Code Projects\\Golden Beauty Studio\\Pages\\golden-beauty-studio-landing\\.claude\\worktrees\\agent-a9e1a661d36bd269c\\admin\\src\\db\\migrations\\002-allowed-user.ts": {"lines":{"total":1,"covered":1,"skipped":0,"pct":100},"functions":{"total":0,"covered":0,"skipped":0,"pct":100},"statements":{"total":1,"covered":1,"skipped":0,"pct":100},"branches":{"total":0,"covered":0,"skipped":0,"pct":100}}
,"C:\\Users\\Juanes\\Documents\\Code Projects\\Golden Beauty Studio\\Pages\\golden-beauty-studio-landing\\.claude\\worktrees\\agent-a9e1a661d36bd269c\\admin\\src\\db\\migrations\\003-day-close.ts": {"lines":{"total":1,"covered":1,"skipped":0,"pct":100},"functions":{"total":0,"covered":0,"skipped":0,"pct":100},"statements":{"total":1,"covered":1,"skipped":0,"pct":100},"branches":{"total":0,"covered":0,"skipped":0,"pct":100}}
,"C:\\Users\\Juanes\\Documents\\Code Projects\\Golden Beauty Studio\\Pages\\golden-beauty-studio-landing\\.claude\\worktrees\\agent-a9e1a661d36bd269c\\admin\\src\\db\\migrations\\004-appointment-finance.ts": {"lines":{"total":1,"covered":1,"skipped":0,"pct":100},"functions":{"total":0,"covered":0,"skipped":0,"pct":100},"statements":{"total":1,"covered":1,"skipped":0,"pct":100},"branches":{"total":0,"covered":0,"skipped":0,"pct":100}}
,"C:\\Users\\Juanes\\Documents\\Code Projects\\Golden Beauty Studio\\Pages\\golden-beauty-studio-landing\\.claude\\worktrees\\agent-a9e1a661d36bd269c\\admin\\src\\db\\migrations\\005-appointment-finance-item.ts": {"lines":{"total":1,"covered":1,"skipped":0,"pct":100},"functions":{"total":0,"covered":0,"skipped":0,"pct":100},"statements":{"total":1,"covered":1,"skipped":0,"pct":100},"branches":{"total":0,"covered":0,"skipped":0,"pct":100}}
,"C:\\Users\\Juanes\\Documents\\Code Projects\\Golden Beauty Studio\\Pages\\golden-beauty-studio-landing\\.claude\\worktrees\\agent-a9e1a661d36bd269c\\admin\\src\\db\\migrations\\006-webhook-event.ts": {"lines":{"total":1,"covered":1,"skipped":0,"pct":100},"functions":{"total":0,"covered":0,"skipped":0,"pct":100},"statements":{"total":1,"covered":1,"skipped":0,"pct":100},"branches":{"total":0,"covered":0,"skipped":0,"pct":100}}
,"C:\\Users\\Juanes\\Documents\\Code Projects\\Golden Beauty Studio\\Pages\\golden-beauty-studio-landing\\.claude\\worktrees\\agent-a9e1a661d36bd269c\\admin\\src\\db\\migrations\\007-commission-rule.ts": {"lines":{"total":1,"covered":1,"skipped":0,"pct":100},"functions":{"total":0,"covered":0,"skipped":0,"pct":100},"statements":{"total":1,"covered":1,"skipped":0,"pct":100},"branches":{"total":0,"covered":0,"skipped":0,"pct":100}}
,"C:\\Users\\Juanes\\Documents\\Code Projects\\Golden Beauty Studio\\Pages\\golden-beauty-studio-landing\\.claude\\worktrees\\agent-a9e1a661d36bd269c\\admin\\src\\db\\migrations\\008-commission-run.ts": {"lines":{"total":1,"covered":1,"skipped":0,"pct":100},"functions":{"total":0,"covered":0,"skipped":0,"pct":100},"statements":{"total":1,"covered":1,"skipped":0,"pct":100},"branches":{"total":0,"covered":0,"skipped":0,"pct":100}}
,"C:\\Users\\Juanes\\Documents\\Code Projects\\Golden Beauty Studio\\Pages\\golden-beauty-studio-landing\\.claude\\worktrees\\agent-a9e1a661d36bd269c\\admin\\src\\db\\migrations\\009-commission-entry.ts": {"lines":{"total":1,"covered":1,"skipped":0,"pct":100},"functions":{"total":0,"covered":0,"skipped":0,"pct":100},"statements":{"total":1,"covered":1,"skipped":0,"pct":100},"branches":{"total":0,"covered":0,"skipped":0,"pct":100}}
,"C:\\Users\\Juanes\\Documents\\Code Projects\\Golden Beauty Studio\\Pages\\golden-beauty-studio-landing\\.claude\\worktrees\\agent-a9e1a661d36bd269c\\admin\\src\\db\\migrations\\010-combo.ts": {"lines":{"total":1,"covered":1,"skipped":0,"pct":100},"functions":{"total":0,"covered":0,"skipped":0,"pct":100},"statements":{"total":1,"covered":1,"skipped":0,"pct":100},"branches":{"total":0,"covered":0,"skipped":0,"pct":100}}
,"C:\\Users\\Juanes\\Documents\\Code Projects\\Golden Beauty Studio\\Pages\\golden-beauty-studio-landing\\.claude\\worktrees\\agent-a9e1a661d36bd269c\\admin\\src\\db\\migrations\\011-service-map.ts": {"lines":{"total":1,"covered":1,"skipped":0,"pct":100},"functions":{"total":0,"covered":0,"skipped":0,"pct":100},"statements":{"total":1,"covered":1,"skipped":0,"pct":100},"branches":{"total":0,"covered":0,"skipped":0,"pct":100}}
,"C:\\Users\\Juanes\\Documents\\Code Projects\\Golden Beauty Studio\\Pages\\golden-beauty-studio-landing\\.claude\\worktrees\\agent-a9e1a661d36bd269c\\admin\\src\\db\\migrations\\012-station.ts": {"lines":{"total":1,"covered":1,"skipped":0,"pct":100},"functions":{"total":0,"covered":0,"skipped":0,"pct":100},"statements":{"total":1,"covered":1,"skipped":0,"pct":100},"branches":{"total":0,"covered":0,"skipped":0,"pct":100}}
,"C:\\Users\\Juanes\\Documents\\Code Projects\\Golden Beauty Studio\\Pages\\golden-beauty-studio-landing\\.claude\\worktrees\\agent-a9e1a661d36bd269c\\admin\\src\\db\\migrations\\013-staff-totp.ts": {"lines":{"total":1,"covered":1,"skipped":0,"pct":100},"functions":{"total":0,"covered":0,"skipped":0,"pct":100},"statements":{"total":1,"covered":1,"skipped":0,"pct":100},"branches":{"total":0,"covered":0,"skipped":0,"pct":100}}
,"C:\\Users\\Juanes\\Documents\\Code Projects\\Golden Beauty Studio\\Pages\\golden-beauty-studio-landing\\.claude\\worktrees\\agent-a9e1a661d36bd269c\\admin\\src\\db\\migrations\\014-legacy-appointment.ts": {"lines":{"total":1,"covered":1,"skipped":0,"pct":100},"functions":{"total":0,"covered":0,"skipped":0,"pct":100},"statements":{"total":1,"covered":1,"skipped":0,"pct":100},"branches":{"total":0,"covered":0,"skipped":0,"pct":100}}
,"C:\\Users\\Juanes\\Documents\\Code Projects\\Golden Beauty Studio\\Pages\\golden-beauty-studio-landing\\.claude\\worktrees\\agent-a9e1a661d36bd269c\\admin\\src\\db\\migrations\\015-audit-log.ts": {"lines":{"total":1,"covered":1,"skipped":0,"pct":100},"functions":{"total":0,"covered":0,"skipped":0,"pct":100},"statements":{"total":1,"covered":1,"skipped":0,"pct":100},"branches":{"total":0,"covered":0,"skipped":0,"pct":100}}
,"C:\\Users\\Juanes\\Documents\\Code Projects\\Golden Beauty Studio\\Pages\\golden-beauty-studio-landing\\.claude\\worktrees\\agent-a9e1a661d36bd269c\\admin\\src\\db\\migrations\\016-account-issuer.ts": {"lines":{"total":1,"covered":1,"skipped":0,"pct":100},"functions":{"total":0,"covered":0,"skipped":0,"pct":100},"statements":{"total":1,"covered":1,"skipped":0,"pct":100},"branches":{"total":0,"covered":0,"skipped":0,"pct":100}}
,"C:\\Users\\Juanes\\Documents\\Code Projects\\Golden Beauty Studio\\Pages\\golden-beauty-studio-landing\\.claude\\worktrees\\agent-a9e1a661d36bd269c\\admin\\src\\db\\migrations\\018-commission-rule.ts": {"lines":{"total":1,"covered":1,"skipped":0,"pct":100},"functions":{"total":0,"covered":0,"skipped":0,"pct":100},"statements":{"total":1,"covered":1,"skipped":0,"pct":100},"branches":{"total":0,"covered":0,"skipped":0,"pct":100}}
,"C:\\Users\\Juanes\\Documents\\Code Projects\\Golden Beauty Studio\\Pages\\golden-beauty-studio-landing\\.claude\\worktrees\\agent-a9e1a661d36bd269c\\admin\\src\\db\\migrations\\index.ts": {"lines":{"total":2,"covered":2,"skipped":0,"pct":100},"functions":{"total":0,"covered":0,"skipped":0,"pct":100},"statements":{"total":2,"covered":2,"skipped":0,"pct":100},"branches":{"total":0,"covered":0,"skipped":0,"pct":100}}
,"C:\\Users\\Juanes\\Documents\\Code Projects\\Golden Beauty Studio\\Pages\\golden-beauty-studio-landing\\.claude\\worktrees\\agent-a9e1a661d36bd269c\\admin\\src\\db\\migrations\\migration.ts": {"lines":{"total":1,"covered":1,"skipped":0,"pct":100},"functions":{"total":0,"covered":0,"skipped":0,"pct":100},"statements":{"total":1,"covered":1,"skipped":0,"pct":100},"branches":{"total":0,"covered":0,"skipped":0,"pct":100}}
,"C:\\Users\\Juanes\\Documents\\Code Projects\\Golden Beauty Studio\\Pages\\golden-beauty-studio-landing\\.claude\\worktrees\\agent-a9e1a661d36bd269c\\admin\\src\\db\\repositories\\allowed-user.ts": {"lines":{"total":10,"covered":0,"skipped":0,"pct":0},"functions":{"total":7,"covered":0,"skipped":0,"pct":0},"statements":{"total":11,"covered":0,"skipped":0,"pct":0},"branches":{"total":2,"covered":0,"skipped":0,"pct":0}}
,"C:\\Users\\Juanes\\Documents\\Code Projects\\Golden Beauty Studio\\Pages\\golden-beauty-studio-landing\\.claude\\worktrees\\agent-a9e1a661d36bd269c\\admin\\src\\db\\repositories\\appointment-finance-item.ts": {"lines":{"total":10,"covered":0,"skipped":0,"pct":0},"functions":{"total":6,"covered":0,"skipped":0,"pct":0},"statements":{"total":13,"covered":0,"skipped":0,"pct":0},"branches":{"total":6,"covered":0,"skipped":0,"pct":0}}
,"C:\\Users\\Juanes\\Documents\\Code Projects\\Golden Beauty Studio\\Pages\\golden-beauty-studio-landing\\.claude\\worktrees\\agent-a9e1a661d36bd269c\\admin\\src\\db\\repositories\\appointment-finance.ts": {"lines":{"total":23,"covered":0,"skipped":0,"pct":0},"functions":{"total":12,"covered":0,"skipped":0,"pct":0},"statements":{"total":27,"covered":0,"skipped":0,"pct":0},"branches":{"total":9,"covered":0,"skipped":0,"pct":0}}
,"C:\\Users\\Juanes\\Documents\\Code Projects\\Golden Beauty Studio\\Pages\\golden-beauty-studio-landing\\.claude\\worktrees\\agent-a9e1a661d36bd269c\\admin\\src\\db\\repositories\\audit-log.ts": {"lines":{"total":4,"covered":0,"skipped":0,"pct":0},"functions":{"total":4,"covered":0,"skipped":0,"pct":0},"statements":{"total":4,"covered":0,"skipped":0,"pct":0},"branches":{"total":8,"covered":0,"skipped":0,"pct":0}}
,"C:\\Users\\Juanes\\Documents\\Code Projects\\Golden Beauty Studio\\Pages\\golden-beauty-studio-landing\\.claude\\worktrees\\agent-a9e1a661d36bd269c\\admin\\src\\db\\repositories\\combo.ts": {"lines":{"total":8,"covered":0,"skipped":0,"pct":0},"functions":{"total":4,"covered":0,"skipped":0,"pct":0},"statements":{"total":8,"covered":0,"skipped":0,"pct":0},"branches":{"total":2,"covered":0,"skipped":0,"pct":0}}
,"C:\\Users\\Juanes\\Documents\\Code Projects\\Golden Beauty Studio\\Pages\\golden-beauty-studio-landing\\.claude\\worktrees\\agent-a9e1a661d36bd269c\\admin\\src\\db\\repositories\\commission-entry.ts": {"lines":{"total":21,"covered":0,"skipped":0,"pct":0},"functions":{"total":11,"covered":0,"skipped":0,"pct":0},"statements":{"total":24,"covered":0,"skipped":0,"pct":0},"branches":{"total":9,"covered":0,"skipped":0,"pct":0}}
,"C:\\Users\\Juanes\\Documents\\Code Projects\\Golden Beauty Studio\\Pages\\golden-beauty-studio-landing\\.claude\\worktrees\\agent-a9e1a661d36bd269c\\admin\\src\\db\\repositories\\commission-rule.ts": {"lines":{"total":10,"covered":0,"skipped":0,"pct":0},"functions":{"total":9,"covered":0,"skipped":0,"pct":0},"statements":{"total":10,"covered":0,"skipped":0,"pct":0},"branches":{"total":0,"covered":0,"skipped":0,"pct":100}}
,"C:\\Users\\Juanes\\Documents\\Code Projects\\Golden Beauty Studio\\Pages\\golden-beauty-studio-landing\\.claude\\worktrees\\agent-a9e1a661d36bd269c\\admin\\src\\db\\repositories\\commission-run.ts": {"lines":{"total":16,"covered":0,"skipped":0,"pct":0},"functions":{"total":8,"covered":0,"skipped":0,"pct":0},"statements":{"total":17,"covered":0,"skipped":0,"pct":0},"branches":{"total":8,"covered":0,"skipped":0,"pct":0}}
,"C:\\Users\\Juanes\\Documents\\Code Projects\\Golden Beauty Studio\\Pages\\golden-beauty-studio-landing\\.claude\\worktrees\\agent-a9e1a661d36bd269c\\admin\\src\\db\\repositories\\day-close.ts": {"lines":{"total":8,"covered":0,"skipped":0,"pct":0},"functions":{"total":7,"covered":0,"skipped":0,"pct":0},"statements":{"total":8,"covered":0,"skipped":0,"pct":0},"branches":{"total":0,"covered":0,"skipped":0,"pct":100}}
,"C:\\Users\\Juanes\\Documents\\Code Projects\\Golden Beauty Studio\\Pages\\golden-beauty-studio-landing\\.claude\\worktrees\\agent-a9e1a661d36bd269c\\admin\\src\\db\\repositories\\index.ts": {"lines":{"total":1,"covered":0,"skipped":0,"pct":0},"functions":{"total":1,"covered":0,"skipped":0,"pct":0},"statements":{"total":1,"covered":0,"skipped":0,"pct":0},"branches":{"total":0,"covered":0,"skipped":0,"pct":100}}
,"C:\\Users\\Juanes\\Documents\\Code Projects\\Golden Beauty Studio\\Pages\\golden-beauty-studio-landing\\.claude\\worktrees\\agent-a9e1a661d36bd269c\\admin\\src\\db\\repositories\\legacy-appointment.ts": {"lines":{"total":8,"covered":0,"skipped":0,"pct":0},"functions":{"total":5,"covered":0,"skipped":0,"pct":0},"statements":{"total":9,"covered":0,"skipped":0,"pct":0},"branches":{"total":4,"covered":0,"skipped":0,"pct":0}}
,"C:\\Users\\Juanes\\Documents\\Code Projects\\Golden Beauty Studio\\Pages\\golden-beauty-studio-landing\\.claude\\worktrees\\agent-a9e1a661d36bd269c\\admin\\src\\db\\repositories\\service-map.ts": {"lines":{"total":11,"covered":0,"skipped":0,"pct":0},"functions":{"total":7,"covered":0,"skipped":0,"pct":0},"statements":{"total":11,"covered":0,"skipped":0,"pct":0},"branches":{"total":2,"covered":0,"skipped":0,"pct":0}}
,"C:\\Users\\Juanes\\Documents\\Code Projects\\Golden Beauty Studio\\Pages\\golden-beauty-studio-landing\\.claude\\worktrees\\agent-a9e1a661d36bd269c\\admin\\src\\db\\repositories\\shared.ts": {"lines":{"total":3,"covered":0,"skipped":0,"pct":0},"functions":{"total":1,"covered":0,"skipped":0,"pct":0},"statements":{"total":3,"covered":0,"skipped":0,"pct":0},"branches":{"total":2,"covered":0,"skipped":0,"pct":0}}
,"C:\\Users\\Juanes\\Documents\\Code Projects\\Golden Beauty Studio\\Pages\\golden-beauty-studio-landing\\.claude\\worktrees\\agent-a9e1a661d36bd269c\\admin\\src\\db\\repositories\\staff-totp.ts": {"lines":{"total":12,"covered":0,"skipped":0,"pct":0},"functions":{"total":7,"covered":0,"skipped":0,"pct":0},"statements":{"total":12,"covered":0,"skipped":0,"pct":0},"branches":{"total":2,"covered":0,"skipped":0,"pct":0}}
,"C:\\Users\\Juanes\\Documents\\Code Projects\\Golden Beauty Studio\\Pages\\golden-beauty-studio-landing\\.claude\\worktrees\\agent-a9e1a661d36bd269c\\admin\\src\\db\\repositories\\station.ts": {"lines":{"total":4,"covered":0,"skipped":0,"pct":0},"functions":{"total":3,"covered":0,"skipped":0,"pct":0},"statements":{"total":4,"covered":0,"skipped":0,"pct":0},"branches":{"total":0,"covered":0,"skipped":0,"pct":100}}
,"C:\\Users\\Juanes\\Documents\\Code Projects\\Golden Beauty Studio\\Pages\\golden-beauty-studio-landing\\.claude\\worktrees\\agent-a9e1a661d36bd269c\\admin\\src\\db\\repositories\\webhook-event.ts": {"lines":{"total":15,"covered":0,"skipped":0,"pct":0},"functions":{"total":7,"covered":0,"skipped":0,"pct":0},"statements":{"total":16,"covered":0,"skipped":0,"pct":0},"branches":{"total":6,"covered":0,"skipped":0,"pct":0}}
,"C:\\Users\\Juanes\\Documents\\Code Projects\\Golden Beauty Studio\\Pages\\golden-beauty-studio-landing\\.claude\\worktrees\\agent-a9e1a661d36bd269c\\admin\\src\\db\\testing\\ephemeral-mysql.ts": {"lines":{"total":50,"covered":0,"skipped":0,"pct":0},"functions":{"total":9,"covered":0,"skipped":0,"pct":0},"statements":{"total":57,"covered":0,"skipped":0,"pct":0},"branches":{"total":22,"covered":0,"skipped":0,"pct":0}}
,"C:\\Users\\Juanes\\Documents\\Code Projects\\Golden Beauty Studio\\Pages\\golden-beauty-studio-landing\\.claude\\worktrees\\agent-a9e1a661d36bd269c\\admin\\src\\jobs\\commission-run.ts": {"lines":{"total":204,"covered":111,"skipped":0,"pct":54.41},"functions":{"total":43,"covered":23,"skipped":0,"pct":53.48},"statements":{"total":216,"covered":119,"skipped":0,"pct":55.09},"branches":{"total":96,"covered":59,"skipped":0,"pct":61.45}}
,"C:\\Users\\Juanes\\Documents\\Code Projects\\Golden Beauty Studio\\Pages\\golden-beauty-studio-landing\\.claude\\worktrees\\agent-a9e1a661d36bd269c\\admin\\src\\jobs\\day-close.ts": {"lines":{"total":197,"covered":0,"skipped":0,"pct":0},"functions":{"total":29,"covered":0,"skipped":0,"pct":0},"statements":{"total":221,"covered":0,"skipped":0,"pct":0},"branches":{"total":144,"covered":0,"skipped":0,"pct":0}}
,"C:\\Users\\Juanes\\Documents\\Code Projects\\Golden Beauty Studio\\Pages\\golden-beauty-studio-landing\\.claude\\worktrees\\agent-a9e1a661d36bd269c\\admin\\src\\jobs\\reconcile-cli.ts": {"lines":{"total":8,"covered":0,"skipped":0,"pct":0},"functions":{"total":1,"covered":0,"skipped":0,"pct":0},"statements":{"total":8,"covered":0,"skipped":0,"pct":0},"branches":{"total":2,"covered":0,"skipped":0,"pct":0}}
,"C:\\Users\\Juanes\\Documents\\Code Projects\\Golden Beauty Studio\\Pages\\golden-beauty-studio-landing\\.claude\\worktrees\\agent-a9e1a661d36bd269c\\admin\\src\\jobs\\reconcile.ts": {"lines":{"total":46,"covered":0,"skipped":0,"pct":0},"functions":{"total":7,"covered":0,"skipped":0,"pct":0},"statements":{"total":48,"covered":0,"skipped":0,"pct":0},"branches":{"total":27,"covered":0,"skipped":0,"pct":0}}
,"C:\\Users\\Juanes\\Documents\\Code Projects\\Golden Beauty Studio\\Pages\\golden-beauty-studio-landing\\.claude\\worktrees\\agent-a9e1a661d36bd269c\\admin\\src\\jobs\\snapshot.ts": {"lines":{"total":57,"covered":0,"skipped":0,"pct":0},"functions":{"total":10,"covered":0,"skipped":0,"pct":0},"statements":{"total":62,"covered":0,"skipped":0,"pct":0},"branches":{"total":46,"covered":0,"skipped":0,"pct":0}}
,"C:\\Users\\Juanes\\Documents\\Code Projects\\Golden Beauty Studio\\Pages\\golden-beauty-studio-landing\\.claude\\worktrees\\agent-a9e1a661d36bd269c\\admin\\src\\lib\\auth-policy.ts": {"lines":{"total":32,"covered":0,"skipped":0,"pct":0},"functions":{"total":7,"covered":0,"skipped":0,"pct":0},"statements":{"total":40,"covered":0,"skipped":0,"pct":0},"branches":{"total":34,"covered":0,"skipped":0,"pct":0}}
,"C:\\Users\\Juanes\\Documents\\Code Projects\\Golden Beauty Studio\\Pages\\golden-beauty-studio-landing\\.claude\\worktrees\\agent-a9e1a661d36bd269c\\admin\\src\\lib\\auth.ts": {"lines":{"total":71,"covered":0,"skipped":0,"pct":0},"functions":{"total":19,"covered":0,"skipped":0,"pct":0},"statements":{"total":78,"covered":0,"skipped":0,"pct":0},"branches":{"total":51,"covered":0,"skipped":0,"pct":0}}
,"C:\\Users\\Juanes\\Documents\\Code Projects\\Golden Beauty Studio\\Pages\\golden-beauty-studio-landing\\.claude\\worktrees\\agent-a9e1a661d36bd269c\\admin\\src\\lib\\calendar-layout.ts": {"lines":{"total":159,"covered":0,"skipped":0,"pct":0},"functions":{"total":24,"covered":0,"skipped":0,"pct":0},"statements":{"total":187,"covered":0,"skipped":0,"pct":0},"branches":{"total":143,"covered":0,"skipped":0,"pct":0}}
,"C:\\Users\\Juanes\\Documents\\Code Projects\\Golden Beauty Studio\\Pages\\golden-beauty-studio-landing\\.claude\\worktrees\\agent-a9e1a661d36bd269c\\admin\\src\\lib\\combo-allocation.ts": {"lines":{"total":42,"covered":31,"skipped":0,"pct":73.8},"functions":{"total":8,"covered":6,"skipped":0,"pct":75},"statements":{"total":45,"covered":34,"skipped":0,"pct":75.55},"branches":{"total":20,"covered":10,"skipped":0,"pct":50}}
,"C:\\Users\\Juanes\\Documents\\Code Projects\\Golden Beauty Studio\\Pages\\golden-beauty-studio-landing\\.claude\\worktrees\\agent-a9e1a661d36bd269c\\admin\\src\\lib\\commission.ts": {"lines":{"total":94,"covered":68,"skipped":0,"pct":72.34},"functions":{"total":20,"covered":15,"skipped":0,"pct":75},"statements":{"total":113,"covered":76,"skipped":0,"pct":67.25},"branches":{"total":96,"covered":57,"skipped":0,"pct":59.37}}
,"C:\\Users\\Juanes\\Documents\\Code Projects\\Golden Beauty Studio\\Pages\\golden-beauty-studio-landing\\.claude\\worktrees\\agent-a9e1a661d36bd269c\\admin\\src\\lib\\conflict.ts": {"lines":{"total":138,"covered":0,"skipped":0,"pct":0},"functions":{"total":40,"covered":0,"skipped":0,"pct":0},"statements":{"total":163,"covered":0,"skipped":0,"pct":0},"branches":{"total":118,"covered":0,"skipped":0,"pct":0}}
,"C:\\Users\\Juanes\\Documents\\Code Projects\\Golden Beauty Studio\\Pages\\golden-beauty-studio-landing\\.claude\\worktrees\\agent-a9e1a661d36bd269c\\admin\\src\\lib\\dal.ts": {"lines":{"total":29,"covered":0,"skipped":0,"pct":0},"functions":{"total":7,"covered":0,"skipped":0,"pct":0},"statements":{"total":33,"covered":0,"skipped":0,"pct":0},"branches":{"total":12,"covered":0,"skipped":0,"pct":0}}
,"C:\\Users\\Juanes\\Documents\\Code Projects\\Golden Beauty Studio\\Pages\\golden-beauty-studio-landing\\.claude\\worktrees\\agent-a9e1a661d36bd269c\\admin\\src\\lib\\health.ts": {"lines":{"total":7,"covered":0,"skipped":0,"pct":0},"functions":{"total":6,"covered":0,"skipped":0,"pct":0},"statements":{"total":12,"covered":0,"skipped":0,"pct":0},"branches":{"total":5,"covered":0,"skipped":0,"pct":0}}
,"C:\\Users\\Juanes\\Documents\\Code Projects\\Golden Beauty Studio\\Pages\\golden-beauty-studio-landing\\.claude\\worktrees\\agent-a9e1a661d36bd269c\\admin\\src\\lib\\ingest-client.ts": {"lines":{"total":31,"covered":0,"skipped":0,"pct":0},"functions":{"total":8,"covered":0,"skipped":0,"pct":0},"statements":{"total":33,"covered":0,"skipped":0,"pct":0},"branches":{"total":26,"covered":0,"skipped":0,"pct":0}}
,"C:\\Users\\Juanes\\Documents\\Code Projects\\Golden Beauty Studio\\Pages\\golden-beauty-studio-landing\\.claude\\worktrees\\agent-a9e1a661d36bd269c\\admin\\src\\lib\\ingest-id.ts": {"lines":{"total":39,"covered":0,"skipped":0,"pct":0},"functions":{"total":9,"covered":0,"skipped":0,"pct":0},"statements":{"total":43,"covered":0,"skipped":0,"pct":0},"branches":{"total":25,"covered":0,"skipped":0,"pct":0}}
,"C:\\Users\\Juanes\\Documents\\Code Projects\\Golden Beauty Studio\\Pages\\golden-beauty-studio-landing\\.claude\\worktrees\\agent-a9e1a661d36bd269c\\admin\\src\\lib\\ingest-payload.ts": {"lines":{"total":31,"covered":0,"skipped":0,"pct":0},"functions":{"total":8,"covered":0,"skipped":0,"pct":0},"statements":{"total":32,"covered":0,"skipped":0,"pct":0},"branches":{"total":18,"covered":0,"skipped":0,"pct":0}}
,"C:\\Users\\Juanes\\Documents\\Code Projects\\Golden Beauty Studio\\Pages\\golden-beauty-studio-landing\\.claude\\worktrees\\agent-a9e1a661d36bd269c\\admin\\src\\lib\\metrics.ts": {"lines":{"total":109,"covered":0,"skipped":0,"pct":0},"functions":{"total":27,"covered":0,"skipped":0,"pct":0},"statements":{"total":128,"covered":0,"skipped":0,"pct":0},"branches":{"total":78,"covered":0,"skipped":0,"pct":0}}
,"C:\\Users\\Juanes\\Documents\\Code Projects\\Golden Beauty Studio\\Pages\\golden-beauty-studio-landing\\.claude\\worktrees\\agent-a9e1a661d36bd269c\\admin\\src\\lib\\price-snapshot.ts": {"lines":{"total":21,"covered":0,"skipped":0,"pct":0},"functions":{"total":6,"covered":0,"skipped":0,"pct":0},"statements":{"total":21,"covered":0,"skipped":0,"pct":0},"branches":{"total":16,"covered":0,"skipped":0,"pct":0}}
,"C:\\Users\\Juanes\\Documents\\Code Projects\\Golden Beauty Studio\\Pages\\golden-beauty-studio-landing\\.claude\\worktrees\\agent-a9e1a661d36bd269c\\admin\\src\\lib\\ticket.ts": {"lines":{"total":58,"covered":37,"skipped":0,"pct":63.79},"functions":{"total":13,"covered":10,"skipped":0,"pct":76.92},"statements":{"total":63,"covered":42,"skipped":0,"pct":66.66},"branches":{"total":45,"covered":18,"skipped":0,"pct":40}}
,"C:\\Users\\Juanes\\Documents\\Code Projects\\Golden Beauty Studio\\Pages\\golden-beauty-studio-landing\\.claude\\worktrees\\agent-a9e1a661d36bd269c\\admin\\src\\lib\\totp.ts": {"lines":{"total":102,"covered":0,"skipped":0,"pct":0},"functions":{"total":16,"covered":0,"skipped":0,"pct":0},"statements":{"total":112,"covered":0,"skipped":0,"pct":0},"branches":{"total":55,"covered":0,"skipped":0,"pct":0}}
,"C:\\Users\\Juanes\\Documents\\Code Projects\\Golden Beauty Studio\\Pages\\golden-beauty-studio-landing\\.claude\\worktrees\\agent-a9e1a661d36bd269c\\admin\\src\\lib\\webhook-verify.ts": {"lines":{"total":19,"covered":0,"skipped":0,"pct":0},"functions":{"total":5,"covered":0,"skipped":0,"pct":0},"statements":{"total":21,"covered":0,"skipped":0,"pct":0},"branches":{"total":13,"covered":0,"skipped":0,"pct":0}}
,"C:\\Users\\Juanes\\Documents\\Code Projects\\Golden Beauty Studio\\Pages\\golden-beauty-studio-landing\\.claude\\worktrees\\agent-a9e1a661d36bd269c\\admin\\src\\lib\\ea\\client.ts": {"lines":{"total":118,"covered":0,"skipped":0,"pct":0},"functions":{"total":33,"covered":0,"skipped":0,"pct":0},"statements":{"total":144,"covered":0,"skipped":0,"pct":0},"branches":{"total":104,"covered":0,"skipped":0,"pct":0}}
,"C:\\Users\\Juanes\\Documents\\Code Projects\\Golden Beauty Studio\\Pages\\golden-beauty-studio-landing\\.claude\\worktrees\\agent-a9e1a661d36bd269c\\admin\\src\\lib\\ea\\datetime.ts": {"lines":{"total":70,"covered":50,"skipped":0,"pct":71.42},"functions":{"total":24,"covered":18,"skipped":0,"pct":75},"statements":{"total":79,"covered":52,"skipped":0,"pct":65.82},"branches":{"total":65,"covered":41,"skipped":0,"pct":63.07}}
,"C:\\Users\\Juanes\\Documents\\Code Projects\\Golden Beauty Studio\\Pages\\golden-beauty-studio-landing\\.claude\\worktrees\\agent-a9e1a661d36bd269c\\admin\\src\\lib\\ea\\errors.ts": {"lines":{"total":23,"covered":1,"skipped":0,"pct":4.34},"functions":{"total":7,"covered":0,"skipped":0,"pct":0},"statements":{"total":31,"covered":1,"skipped":0,"pct":3.22},"branches":{"total":34,"covered":0,"skipped":0,"pct":0}}
,"C:\\Users\\Juanes\\Documents\\Code Projects\\Golden Beauty Studio\\Pages\\golden-beauty-studio-landing\\.claude\\worktrees\\agent-a9e1a661d36bd269c\\admin\\src\\lib\\ea\\index.ts": {"lines":{"total":0,"covered":0,"skipped":0,"pct":100},"functions":{"total":0,"covered":0,"skipped":0,"pct":100},"statements":{"total":0,"covered":0,"skipped":0,"pct":100},"branches":{"total":0,"covered":0,"skipped":0,"pct":100}}
,"C:\\Users\\Juanes\\Documents\\Code Projects\\Golden Beauty Studio\\Pages\\golden-beauty-studio-landing\\.claude\\worktrees\\agent-a9e1a661d36bd269c\\admin\\src\\lib\\ea\\mapping.ts": {"lines":{"total":169,"covered":32,"skipped":0,"pct":18.93},"functions":{"total":38,"covered":2,"skipped":0,"pct":5.26},"statements":{"total":201,"covered":32,"skipped":0,"pct":15.92},"branches":{"total":177,"covered":0,"skipped":0,"pct":0}}
,"C:\\Users\\Juanes\\Documents\\Code Projects\\Golden Beauty Studio\\Pages\\golden-beauty-studio-landing\\.claude\\worktrees\\agent-a9e1a661d36bd269c\\admin\\src\\lib\\ea\\types.ts": {"lines":{"total":3,"covered":2,"skipped":0,"pct":66.66},"functions":{"total":1,"covered":0,"skipped":0,"pct":0},"statements":{"total":3,"covered":2,"skipped":0,"pct":66.66},"branches":{"total":2,"covered":0,"skipped":0,"pct":0}}
}
